<?xml version="1.0" encoding="UTF-8"?>
<testng-results skipped="0" failed="0" total="2" passed="2">
  <reporter-output>
  </reporter-output>
  <suite name="Suite" duration-ms="6527" started-at="2018-07-30T05:54:59Z" finished-at="2018-07-30T05:55:06Z">
    <groups>
    </groups>
    <test name="Test" duration-ms="6527" started-at="2018-07-30T05:54:59Z" finished-at="2018-07-30T05:55:06Z">
      <class name="principal">
        <test-method status="PASS" signature="inicio()[pri:0, instance:principal@6b143ee9]" name="inicio" is-config="true" duration-ms="1271" started-at="2018-07-30T00:54:59Z" finished-at="2018-07-30T00:55:01Z">
          <reporter-output>
          </reporter-output>
        </test-method> <!-- inicio -->
        <test-method status="PASS" signature="inicio()[pri:0, instance:second@246ae04d]" name="inicio" is-config="true" duration-ms="532" started-at="2018-07-30T00:55:01Z" finished-at="2018-07-30T00:55:01Z">
          <reporter-output>
          </reporter-output>
        </test-method> <!-- inicio -->
        <test-method status="PASS" signature="login()[pri:0, instance:principal@6b143ee9]" name="login" duration-ms="3034" started-at="2018-07-30T00:55:01Z" finished-at="2018-07-30T00:55:04Z">
          <reporter-output>
          </reporter-output>
        </test-method> <!-- login -->
        <test-method status="PASS" signature="finalizar()[pri:0, instance:principal@6b143ee9]" name="finalizar" is-config="true" duration-ms="73" started-at="2018-07-30T00:55:06Z" finished-at="2018-07-30T00:55:06Z">
          <reporter-output>
          </reporter-output>
        </test-method> <!-- finalizar -->
        <test-method status="PASS" signature="finalizar()[pri:0, instance:second@246ae04d]" name="finalizar" is-config="true" duration-ms="71" started-at="2018-07-30T00:55:06Z" finished-at="2018-07-30T00:55:06Z">
          <reporter-output>
          </reporter-output>
        </test-method> <!-- finalizar -->
      </class> <!-- principal -->
      <class name="second">
        <test-method status="PASS" signature="login()[pri:0, instance:second@246ae04d]" name="login" duration-ms="1525" started-at="2018-07-30T00:55:04Z" finished-at="2018-07-30T00:55:06Z">
          <reporter-output>
          </reporter-output>
        </test-method> <!-- login -->
      </class> <!-- second -->
    </test> <!-- Test -->
  </suite> <!-- Suite -->
</testng-results>
